[17:27:03]Подключился юзер: 484303885
[17:27:03]юзер зарегестрирован!

[17:27:03]Подключился юзер: 902566643
[17:27:03]юзер зарегестрирован!

[17:27:03]Подключился юзер: 885786602
[17:27:03]юзер зарегестрирован!

[17:27:03]Bot starting...
[17:29:00]Подключился юзер: 484303885
[17:29:00]юзер зарегестрирован!

[17:29:00]Подключился юзер: 902566643
[17:29:00]юзер зарегестрирован!

[17:29:00]Подключился юзер: 885786602
[17:29:00]юзер зарегестрирован!

[17:29:00]Bot starting...
[17:29:38]Bot starting...
[17:29:38]Подключился юзер: 484303885
[17:29:38]юзер зарегестрирован!

[17:29:38]Подключился юзер: 902566643
[17:29:38]юзер зарегестрирован!

[17:29:38]Подключился юзер: 885786602
[17:29:38]юзер зарегестрирован!

[17:29:47]BCanary(484303885):скриншот
[17:29:57]BCanary(484303885):скриншот
[17:29:58]BCanary(484303885):скриншот
[17:29:59]BCanary(484303885):скриншот
[17:33:34]BCanary(484303885):скриншот
[17:35:35]Bot starting...
[17:35:35]Подключился юзер: 902566643
[17:35:49]Bot starting...
[17:35:49]Подключился юзер: 902566643
[17:35:49]юзер зарегестрирован!

[17:35:49]Подключился юзер: 885786602
[17:35:49]юзер зарегестрирован!

[17:35:58]Подключился юзер: 484303885
[17:35:58]юзер не зарегестрирован, регестрируем...

[17:35:59]Подключился юзер: 484303885
[17:35:59]BCanary(484303885):скриншот
[17:35:59]юзер зарегестрирован!

[17:35:59]BCanary(484303885):скриншот
[17:35:59]484303885: url изменен
[17:36:04]BCanary(484303885):скриншот
[17:37:42]Bot starting...
[17:37:42]Подключился юзер: 902566643
[17:37:42]юзер зарегестрирован!

[17:37:42]Подключился юзер: 885786602
[17:37:42]юзер зарегестрирован!

[17:38:04]Подключился юзер: 484303885
[17:38:04]юзер не зарегестрирован, регестрируем...

[17:38:04]BCanary(484303885):скриншот
[17:38:13]BCanary(484303885):скриншот
[17:38:15]BCanary(484303885):скриншот
[17:38:16]BCanary(484303885):скриншот
[17:38:16]BCanary(484303885):скриншот
[17:38:16]BCanary(484303885):скриншот
[17:38:17]BCanary(484303885):скриншот
[17:38:17]BCanary(484303885):скриншот
[17:38:17]BCanary(484303885):скриншот
[17:38:17]BCanary(484303885):скриншот
[17:38:18]BCanary(484303885):скриншот
[17:38:18]BCanary(484303885):скриншот
[17:38:18]BCanary(484303885):скриншот
[17:38:22]BCanary(484303885):скриншот
[17:41:06]Bot starting...
[17:41:06]Подключился юзер: 902566643
[17:41:06]юзер зарегестрирован!

[17:41:06]Подключился юзер: 885786602
[17:41:06]юзер зарегестрирован!

[17:41:19]Подключился юзер: 484303885
[17:41:19]юзер не зарегестрирован, регестрируем...

[17:41:36]BCanary(484303885):скриншот
[17:41:37]BCanary(484303885):скриншот
[17:41:37]BCanary(484303885):скриншот
[17:41:38]BCanary(484303885):скриншот
[17:41:38]BCanary(484303885):скриншот
[17:41:38]BCanary(484303885):скриншот
[17:41:38]BCanary(484303885):скриншот
[17:41:38]BCanary(484303885):скриншот
[17:41:38]BCanary(484303885):скриншот
[17:41:38]BCanary(484303885):скриншот
[17:41:39]BCanary(484303885):скриншот
[17:41:39]BCanary(484303885):скриншот
[17:41:39]BCanary(484303885):скриншот
[17:41:39]BCanary(484303885):скриншот
[17:41:39]BCanary(484303885):скриншот
[17:42:26]BCanary(484303885):скриншот
[17:42:26]BCanary(484303885):скриншот
[17:42:41]BCanary(484303885):скриншот
[17:42:41]BCanary(484303885):скриншот
[17:42:55]Bot starting...
[17:42:55]Подключился юзер: 902566643
[17:42:55]юзер зарегестрирован!

[17:42:55]Подключился юзер: 885786602
[17:42:55]юзер зарегестрирован!

[17:43:01]Подключился юзер: 484303885
[17:43:01]юзер не зарегестрирован, регестрируем...

[17:43:01]Подключился юзер: 484303885
[17:43:01]BCanary(484303885):скриншот
[17:43:01]юзер зарегестрирован!

[17:43:01]BCanary(484303885):скриншот
[17:43:01]484303885: url изменен
[17:43:02]BCanary(484303885):скриншот
[17:43:02]BCanary(484303885):скриншот
[17:43:02]BCanary(484303885):скриншот
